2024-05-25T14:07:49.126+07:00  INFO 9274 --- [main] ru.kovynev.vahta.Application             : Starting Application using Java 20 with PID 9274 (/home/andrew/IdeaProjects/provahtu.ru/target/classes started by andrew in /home/andrew/IdeaProjects/provahtu.ru)
2024-05-25T14:07:49.134+07:00  INFO 9274 --- [main] ru.kovynev.vahta.Application             : No active profile set, falling back to 1 default profile: "default"
2024-05-25T14:07:50.804+07:00  INFO 9274 --- [main] .s.d.r.c.RepositoryConfigurationDelegate : Multiple Spring Data modules found, entering strict repository configuration mode
2024-05-25T14:07:50.807+07:00  INFO 9274 --- [main] .s.d.r.c.RepositoryConfigurationDelegate : Bootstrapping Spring Data JDBC repositories in DEFAULT mode.
2024-05-25T14:07:50.871+07:00  INFO 9274 --- [main] .RepositoryConfigurationExtensionSupport : Spring Data JDBC - Could not safely identify store assignment for repository candidate interface ru.kovynev.vahta.rep.CompanyRepository; If you want this repository to be a JDBC repository, consider annotating your entities with one of these annotations: org.springframework.data.relational.core.mapping.Table.
2024-05-25T14:07:50.873+07:00  INFO 9274 --- [main] .RepositoryConfigurationExtensionSupport : Spring Data JDBC - Could not safely identify store assignment for repository candidate interface ru.kovynev.vahta.rep.LetterRepository; If you want this repository to be a JDBC repository, consider annotating your entities with one of these annotations: org.springframework.data.relational.core.mapping.Table.
2024-05-25T14:07:50.875+07:00  INFO 9274 --- [main] .RepositoryConfigurationExtensionSupport : Spring Data JDBC - Could not safely identify store assignment for repository candidate interface ru.kovynev.vahta.rep.NewsRepository; If you want this repository to be a JDBC repository, consider annotating your entities with one of these annotations: org.springframework.data.relational.core.mapping.Table.
2024-05-25T14:07:50.877+07:00  INFO 9274 --- [main] .RepositoryConfigurationExtensionSupport : Spring Data JDBC - Could not safely identify store assignment for repository candidate interface ru.kovynev.vahta.rep.ReviewRepository; If you want this repository to be a JDBC repository, consider annotating your entities with one of these annotations: org.springframework.data.relational.core.mapping.Table.
2024-05-25T14:07:50.880+07:00  INFO 9274 --- [main] .RepositoryConfigurationExtensionSupport : Spring Data JDBC - Could not safely identify store assignment for repository candidate interface ru.kovynev.vahta.rep.RoleRepository; If you want this repository to be a JDBC repository, consider annotating your entities with one of these annotations: org.springframework.data.relational.core.mapping.Table.
2024-05-25T14:07:50.882+07:00  INFO 9274 --- [main] .RepositoryConfigurationExtensionSupport : Spring Data JDBC - Could not safely identify store assignment for repository candidate interface ru.kovynev.vahta.rep.SpecialityPepository; If you want this repository to be a JDBC repository, consider annotating your entities with one of these annotations: org.springframework.data.relational.core.mapping.Table.
2024-05-25T14:07:50.883+07:00  INFO 9274 --- [main] .RepositoryConfigurationExtensionSupport : Spring Data JDBC - Could not safely identify store assignment for repository candidate interface ru.kovynev.vahta.rep.UserRepository; If you want this repository to be a JDBC repository, consider annotating your entities with one of these annotations: org.springframework.data.relational.core.mapping.Table.
2024-05-25T14:07:50.885+07:00  INFO 9274 --- [main] .RepositoryConfigurationExtensionSupport : Spring Data JDBC - Could not safely identify store assignment for repository candidate interface ru.kovynev.vahta.rep.VacanciesRepository; If you want this repository to be a JDBC repository, consider annotating your entities with one of these annotations: org.springframework.data.relational.core.mapping.Table.
2024-05-25T14:07:50.886+07:00  INFO 9274 --- [main] .s.d.r.c.RepositoryConfigurationDelegate : Finished Spring Data repository scanning in 70 ms. Found 0 JDBC repository interfaces.
2024-05-25T14:07:50.898+07:00  INFO 9274 --- [main] .s.d.r.c.RepositoryConfigurationDelegate : Multiple Spring Data modules found, entering strict repository configuration mode
2024-05-25T14:07:50.900+07:00  INFO 9274 --- [main] .s.d.r.c.RepositoryConfigurationDelegate : Bootstrapping Spring Data JPA repositories in DEFAULT mode.
2024-05-25T14:07:50.959+07:00  INFO 9274 --- [main] .s.d.r.c.RepositoryConfigurationDelegate : Finished Spring Data repository scanning in 54 ms. Found 8 JPA repository interfaces.
2024-05-25T14:07:51.801+07:00  INFO 9274 --- [main] o.s.b.w.embedded.tomcat.TomcatWebServer  : Tomcat initialized with port(s): 8080 (http)
2024-05-25T14:07:51.821+07:00  INFO 9274 --- [main] o.apache.catalina.core.StandardService   : Starting service [Tomcat]
2024-05-25T14:07:51.821+07:00  INFO 9274 --- [main] o.apache.catalina.core.StandardEngine    : Starting Servlet engine: [Apache Tomcat/10.1.7]
2024-05-25T14:07:52.035+07:00  INFO 9274 --- [main] o.a.c.c.C.[Tomcat].[localhost].[/]       : Initializing Spring embedded WebApplicationContext
2024-05-25T14:07:52.036+07:00  INFO 9274 --- [main] w.s.c.ServletWebServerApplicationContext : Root WebApplicationContext: initialization completed in 2748 ms
2024-05-25T14:07:52.513+07:00  INFO 9274 --- [main] o.hibernate.jpa.internal.util.LogHelper  : HHH000204: Processing PersistenceUnitInfo [name: default]
2024-05-25T14:07:52.594+07:00  INFO 9274 --- [main] org.hibernate.Version                    : HHH000412: Hibernate ORM core version 6.2.5.Final
2024-05-25T14:07:52.598+07:00  INFO 9274 --- [main] org.hibernate.cfg.Environment            : HHH000406: Using bytecode reflection optimizer
2024-05-25T14:07:52.817+07:00  INFO 9274 --- [main] o.h.b.i.BytecodeProviderInitiator        : HHH000021: Bytecode provider name : bytebuddy
2024-05-25T14:07:52.961+07:00  INFO 9274 --- [main] o.s.o.j.p.SpringPersistenceUnitInfo      : No LoadTimeWeaver setup: ignoring JPA class transformer
2024-05-25T14:07:52.980+07:00  INFO 9274 --- [main] com.zaxxer.hikari.HikariDataSource       : HikariPool-1 - Starting...
2024-05-25T14:07:53.426+07:00  INFO 9274 --- [main] com.zaxxer.hikari.pool.HikariPool        : HikariPool-1 - Added connection com.mysql.cj.jdbc.ConnectionImpl@f44d033
2024-05-25T14:07:53.430+07:00  INFO 9274 --- [main] com.zaxxer.hikari.HikariDataSource       : HikariPool-1 - Start completed.
2024-05-25T14:07:53.915+07:00  INFO 9274 --- [main] o.h.b.i.BytecodeProviderInitiator        : HHH000021: Bytecode provider name : bytebuddy
2024-05-25T14:07:55.148+07:00  INFO 9274 --- [main] o.h.e.t.j.p.i.JtaPlatformInitiator       : HHH000490: Using JtaPlatform implementation: [org.hibernate.engine.transaction.jta.platform.internal.NoJtaPlatform]
2024-05-25T14:07:55.420+07:00  INFO 9274 --- [main] j.LocalContainerEntityManagerFactoryBean : Initialized JPA EntityManagerFactory for persistence unit 'default'
2024-05-25T14:07:56.494+07:00  WARN 9274 --- [main] JpaBaseConfiguration$JpaWebConfiguration : spring.jpa.open-in-view is enabled by default. Therefore, database queries may be performed during view rendering. Explicitly configure spring.jpa.open-in-view to disable this warning
2024-05-25T14:07:56.599+07:00  INFO 9274 --- [main] o.s.b.a.w.s.WelcomePageHandlerMapping    : Adding welcome page template: index
2024-05-25T14:07:57.143+07:00  INFO 9274 --- [main] o.s.b.a.e.web.EndpointLinksResolver      : Exposing 1 endpoint(s) beneath base path '/actuator'
2024-05-25T14:07:57.283+07:00  INFO 9274 --- [main] o.s.s.web.DefaultSecurityFilterChain     : Will secure any request with [org.springframework.security.web.session.DisableEncodeUrlFilter@56a7f57f, org.springframework.security.web.context.request.async.WebAsyncManagerIntegrationFilter@5d8edf2, org.springframework.security.web.context.SecurityContextHolderFilter@d436e51, org.springframework.security.web.header.HeaderWriterFilter@676beb9f, org.springframework.security.web.authentication.logout.LogoutFilter@a712344, org.springframework.security.web.authentication.UsernamePasswordAuthenticationFilter@18bd3135, org.springframework.security.web.savedrequest.RequestCacheAwareFilter@466a5b80, org.springframework.security.web.servletapi.SecurityContextHolderAwareRequestFilter@f6921b7, org.springframework.security.web.authentication.AnonymousAuthenticationFilter@636d4cdc, org.springframework.security.web.access.ExceptionTranslationFilter@60eacbbf, org.springframework.security.web.access.intercept.FilterSecurityInterceptor@423e35f0]
2024-05-25T14:07:58.057+07:00  INFO 9274 --- [main] o.s.b.w.embedded.tomcat.TomcatWebServer  : Tomcat started on port(s): 8080 (http) with context path ''
2024-05-25T14:07:58.072+07:00  INFO 9274 --- [main] ru.kovynev.vahta.Application             : Started Application in 10.064 seconds (process running for 11.278)
2024-05-25T14:07:58.515+07:00  INFO 9274 --- [RMI TCP Connection(1)-127.0.0.1] o.a.c.c.C.[Tomcat].[localhost].[/]       : Initializing Spring DispatcherServlet 'dispatcherServlet'
2024-05-25T14:07:58.516+07:00  INFO 9274 --- [RMI TCP Connection(1)-127.0.0.1] o.s.web.servlet.DispatcherServlet        : Initializing Servlet 'dispatcherServlet'
2024-05-25T14:07:58.521+07:00  INFO 9274 --- [RMI TCP Connection(1)-127.0.0.1] o.s.web.servlet.DispatcherServlet        : Completed initialization in 3 ms
2024-05-25T14:08:03.780+07:00  INFO 9274 --- [http-nio-8080-exec-4] r.k.vahta.controllers.MainController     : Start of program
2024-05-25T14:11:53.825+07:00  INFO 9274 --- [SpringApplicationShutdownHook] j.LocalContainerEntityManagerFactoryBean : Closing JPA EntityManagerFactory for persistence unit 'default'
2024-05-25T14:11:53.829+07:00  INFO 9274 --- [SpringApplicationShutdownHook] com.zaxxer.hikari.HikariDataSource       : HikariPool-1 - Shutdown initiated...
2024-05-25T14:11:53.844+07:00  INFO 9274 --- [SpringApplicationShutdownHook] com.zaxxer.hikari.HikariDataSource       : HikariPool-1 - Shutdown completed.
